--------------------------------------------------------------------------------------------
COMMAND
--------------------------------------------------------------------------------------------

exec> report_checks \
        -path_delay min \
        -through _80015d1200000000_p_Instance \
        -format full_clock_expanded \
        -fields {slew cap input_pins nets fanout} \
        -no_line_splits \
        -group_count 1000 \
        -slack_max 40 \
        -digits 2 \
        -unique_paths_to_endpoint \
        
design: caravel
time: Fri Nov 24 21:45:13 UTC 2023

--------------------------------------------------------------------------------------------
REPORT
--------------------------------------------------------------------------------------------

No paths found.
min:
reg-reg: 0/0
reg-output: 0/0
input-reg: 0/0
input-output: 0/0
max:
reg-reg: 0/0
reg-output: 0/0
input-reg: 0/0
input-output: 0/0
